SonarCloud plugins:
  - IaC Code Quality and Security 1.11.0.2847 (iac)
  - PL/SQL Code Quality and Security 3.8.0.4948 (plsql)
  - Scala Code Quality and Security 1.11.0.3905 (sonarscala)
  - C# Code Quality and Security 8.52.0.60960 (csharp)
  - Vulnerability Analysis 9.9.0.19083 (security)
  - Java Code Quality and Security 7.16.0.30901 (java)
  - HTML Code Quality and Security 3.7.1.3306 (web)
  - Flex Code Quality and Security 2.8.0.3166 (flex)
  - XML Code Quality and Security 2.7.0.3820 (xml)
  - Text Code Quality and Security 2.0.1.611 (text)
  - VB.NET Code Quality and Security 8.52.0.60960 (vbnet)
  - Swift Code Quality and Security 4.8.0.5759 (swift)
  - CFamily Code Quality and Security 6.42.0.61084 (cpp)
  - Python Code Quality and Security 3.25.0.10992 (python)
  - Dataflow Bug Detection Rules for Python 1.10.0.3046 (dbdpythonfrontend)
  - Dataflow Bug Detection 1.10.0.3046 (dbd)
  - Go Code Quality and Security 1.11.0.3905 (go)
  - JaCoCo 1.3.0.1538 (jacoco)
  - Kotlin Code Quality and Security 2.12.0.1956 (kotlin)
  - Dataflow Bug Detection Rules for Java 1.10.0.3046 (dbdjavafrontend)
  - T-SQL Code Quality and Security 1.8.0.5601 (tsql)
  - Apex Code Quality and Security 1.11.0.3905 (sonarapex)
  - JavaScript/TypeScript/CSS Code Quality and Security 9.13.0.20537 (javascript)
  - Ruby Code Quality and Security 1.11.0.3905 (ruby)
  - Vulnerability Rules for C# 9.9.0.19083 (securitycsharpfrontend)
  - Vulnerability Rules for Java 9.9.0.19083 (securityjavafrontend)
  - License for SonarLint 8.0.0.37512 (license)
  - Vulnerability Rules for JS 9.9.0.19083 (securityjsfrontend)
  - COBOL Code Quality 5.2.0.5949 (cobol)
  - Vulnerability Rules for Python 9.9.0.19083 (securitypythonfrontend)
  - PHP Code Quality and Security 3.27.1.9352 (php)
  - ABAP Code Quality and Security 3.11.0.4030 (abap)
  - Configuration detection fot Code Quality and Security 1.2.0.267 (config)
  - Vulnerability Rules for PHP 9.9.0.19083 (securityphpfrontend)
Global server settings:
  - delete_old_projects_deployment_date=1671634414000
  - delete_old_projects_excluded_project_kees=brave_brave-core,simgrid_simgrid,apache_struts,microsoft_vscode-python,mediawiki-core,jhipster-sample-application,JMeter,typo3,org.xwiki.platform:xwiki-platform,apache_ofbiz-framework,org.nuxeo:nuxeo-ecm,monica,sonarlint-visualstudio
  - email.from=noreply@sonarcloud.io
  - email.fromName=SonarCloud
  - email.prefix=[SonarCloud]
  - sonar.auth.bitbucket.enabled=true
  - sonar.auth.microsoft.enabled=true
  - sonar.core.id=1BD809FA-AWHW8ct9-T_TB3XqouNu
  - sonar.core.serverBaseURL=https://sonarcloud.io
  - sonar.core.startTime=2023-02-09T16:37:53+0100
  - sonar.dbcleaner.weeksBeforeDeletingAllSnapshots=260
  - sonar.dbcleaner.weeksBeforeKeepingOnlyOneSnapshotByMonth=4
  - sonar.dbcleaner.weeksBeforeKeepingOnlyOneSnapshotByWeek=1
  - sonar.global.exclusions=**/build-wrapper-dump.json
  - sonar.lf.enableGravatar=true
  - sonar.lf.logoWidthPx=105
  - sonar.maintenance_mode.link=https://sonarcloud.statuspage.io/incidents/66vlr4dc3jwy
  - sonar.maintenance_mode.message=Results of analyses performed prior to 6:15am CET may not be available yet and will be progressively provided throughout coming hours. Results of analysis performed after 8:00am CET are available.
  - sonar.maintenance_mode.start_date=2022-03-26T23:00:00.000+01:00
  - sonar.organizations.anyoneCanCreate=true
  - sonar.organizations.createPersonalOrg=true
  - sonar.plsql.file.suffixes=sql,tab,pkb
  - sonar.sensor.cache.baseUrl=https://ea6ne4j2sb.execute-api.eu-central-1.amazonaws.com/current
  - sonar.sensor.cache.enableForNewProjects=true
  - sonar.sensor.cache.loc.threshold=0
  - sonar.tsql.file.suffixes=.tsql
Project server settings:
  - sonar.sensor.cache.project.enable=true
Project scanner properties:
  - sonar.host.url=https://sonarcloud.io
  - sonar.java.binaries=.
  - sonar.java.source=1.8
  - sonar.language=java
  - sonar.links.ci=https://travis-ci.org/lions1999/progettoFinale
  - sonar.links.homepage=https://github.com/lions1999/progettoFinale
  - sonar.links.issue=https://github.com/lions1999/progettoFinale/issues
  - sonar.links.scm=https://github.com/lions1999/progettoFinale
  - sonar.login=******
  - sonar.organization=lions-99
  - sonar.projectBaseDir=C:\Users\david\OneDrive\Desktop\progettoFinale.git\trunk
  - sonar.projectKey=lions1999_progettoFinale
  - sonar.projectName=progettoFinale
  - sonar.scanner.app=ScannerCLI
  - sonar.scanner.appVersion=4.7.0.2747
  - sonar.sourceEncoding=windows-1252
  - sonar.sources=.
  - sonar.verbose=true
  - sonar.working.directory=C:\Users\david\OneDrive\Desktop\progettoFinale.git\trunk\.scannerwork
